\BOOKMARK [1][-]{section.1}{\376\377\000E\000X\000E\000C\000U\000T\000I\000V\000E\000\040\000S\000U\000M\000M\000A\000R\000Y}{}% 1
\BOOKMARK [2][-]{subsection.1.1}{\376\377\000U\000n\000i\000q\000u\000e\000\040\000S\000e\000l\000l\000i\000n\000g\000\040\000P\000r\000o\000p\000o\000s\000i\000t\000i\000o\000n\000s}{section.1}% 2
\BOOKMARK [1][-]{section.2}{\376\377\000C\000H\000A\000R\000A\000C\000T\000E\000R\000\040\000F\000O\000U\000N\000D\000A\000T\000I\000O\000N}{}% 3
\BOOKMARK [2][-]{subsection.2.1}{\376\377\000P\000r\000i\000m\000a\000r\000y\000\040\000I\000d\000e\000n\000t\000i\000t\000y}{section.2}% 4
\BOOKMARK [2][-]{subsection.2.2}{\376\377\000P\000h\000y\000s\000i\000c\000a\000l\000\040\000M\000a\000n\000i\000f\000e\000s\000t\000a\000t\000i\000o\000n}{section.2}% 5
\BOOKMARK [2][-]{subsection.2.3}{\376\377\000Q\000u\000a\000n\000t\000u\000m\000\040\000A\000b\000i\000l\000i\000t\000i\000e\000s\000\040\000S\000y\000s\000t\000e\000m}{section.2}% 6
\BOOKMARK [3][-]{subsubsection.2.3.1}{\376\377\000P\000r\000i\000m\000a\000r\000y\000\040\000P\000o\000w\000e\000r\000:\000\040\000E\000n\000t\000r\000o\000p\000y\000\040\000V\000i\000o\000l\000a\000t\000i\000o\000n}{subsection.2.3}% 7
\BOOKMARK [3][-]{subsubsection.2.3.2}{\376\377\000Q\000u\000a\000n\000t\000u\000m\000\040\000S\000u\000p\000e\000r\000p\000o\000s\000i\000t\000i\000o\000n\000\040\000C\000o\000n\000s\000c\000i\000o\000u\000s\000n\000e\000s\000s}{subsection.2.3}% 8
\BOOKMARK [1][-]{section.3}{\376\377\000U\000N\000I\000V\000E\000R\000S\000A\000L\000\040\000L\000A\000W\000S\000\040\000\046\000\040\000C\000O\000N\000S\000E\000Q\000U\000E\000N\000C\000E\000S}{}% 9
\BOOKMARK [2][-]{subsection.3.1}{\376\377\000T\000h\000e\000\040\000T\000h\000e\000r\000m\000o\000d\000y\000n\000a\000m\000i\000c\000\040\000P\000u\000n\000i\000s\000h\000m\000e\000n\000t\000\040\000S\000y\000s\000t\000e\000m}{section.3}% 10
\BOOKMARK [2][-]{subsection.3.2}{\376\377\000T\000h\000e\000\040\000S\000a\000n\000g\000o\000m\000a\000\040\000C\000o\000n\000n\000e\000c\000t\000i\000o\000n}{section.3}% 11
\BOOKMARK [1][-]{section.4}{\376\377\000N\000A\000R\000R\000A\000T\000I\000V\000E\000\040\000S\000T\000R\000U\000C\000T\000U\000R\000E\000\040\000S\000Y\000S\000T\000E\000M}{}% 12
\BOOKMARK [2][-]{subsection.4.1}{\376\377\000T\000e\000m\000p\000o\000r\000a\000l\000\040\000E\000n\000t\000r\000y\000\040\000P\000o\000i\000n\000t\000s}{section.4}% 13
\BOOKMARK [3][-]{subsubsection.4.1.1}{\376\377\000O\000r\000i\000g\000i\000n\000\040\000P\000e\000r\000i\000o\000d}{subsection.4.1}% 14
\BOOKMARK [3][-]{subsubsection.4.1.2}{\376\377\000D\000e\000v\000e\000l\000o\000p\000m\000e\000n\000t\000\040\000P\000e\000r\000i\000o\000d}{subsection.4.1}% 15
\BOOKMARK [3][-]{subsubsection.4.1.3}{\376\377\000O\000p\000e\000r\000a\000t\000i\000o\000n\000a\000l\000\040\000P\000e\000r\000i\000o\000d}{subsection.4.1}% 16
\BOOKMARK [3][-]{subsubsection.4.1.4}{\376\377\000C\000o\000n\000s\000e\000q\000u\000e\000n\000c\000e\000\040\000P\000e\000r\000i\000o\000d}{subsection.4.1}% 17
\BOOKMARK [2][-]{subsection.4.2}{\376\377\000S\000t\000o\000r\000y\000\040\000D\000e\000n\000s\000i\000t\000y\000\040\000M\000e\000c\000h\000a\000n\000i\000c\000s}{section.4}% 18
\BOOKMARK [1][-]{section.5}{\376\377\000S\000U\000P\000P\000O\000R\000T\000I\000N\000G\000\040\000U\000N\000I\000V\000E\000R\000S\000E\000\040\000E\000L\000E\000M\000E\000N\000T\000S}{}% 19
\BOOKMARK [2][-]{subsection.5.1}{\376\377\000C\000h\000a\000r\000a\000c\000t\000e\000r\000\040\000A\000r\000c\000h\000e\000t\000y\000p\000e\000s}{section.5}% 20
\BOOKMARK [3][-]{subsubsection.5.1.1}{\376\377\000T\000h\000e\000\040\000C\000o\000n\000f\000u\000s\000e\000d\000\040\000V\000i\000l\000l\000a\000i\000n\000s}{subsection.5.1}% 21
\BOOKMARK [3][-]{subsubsection.5.1.2}{\376\377\000T\000h\000e\000\040\000H\000o\000r\000r\000i\000f\000i\000e\000d\000\040\000B\000y\000s\000t\000a\000n\000d\000e\000r\000s}{subsection.5.1}% 22
\BOOKMARK [3][-]{subsubsection.5.1.3}{\376\377\000T\000h\000e\000\040\000S\000a\000n\000g\000o\000m\000a\000\040\000E\000l\000d\000e\000r\000s}{subsection.5.1}% 23
\BOOKMARK [2][-]{subsection.5.2}{\376\377\000R\000e\000c\000u\000r\000r\000i\000n\000g\000\040\000T\000h\000e\000m\000e\000s}{section.5}% 24
\BOOKMARK [1][-]{section.6}{\376\377\000C\000O\000M\000M\000E\000R\000C\000I\000A\000L\000\040\000D\000E\000V\000E\000L\000O\000P\000M\000E\000N\000T\000\040\000S\000T\000R\000A\000T\000E\000G\000Y}{}% 25
\BOOKMARK [2][-]{subsection.6.1}{\376\377\000M\000a\000r\000k\000e\000t\000\040\000P\000o\000s\000i\000t\000i\000o\000n\000i\000n\000g}{section.6}% 26
\BOOKMARK [2][-]{subsection.6.2}{\376\377\000D\000e\000v\000e\000l\000o\000p\000m\000e\000n\000t\000\040\000P\000h\000a\000s\000e\000s}{section.6}% 27
\BOOKMARK [1][-]{section.7}{\376\377\000Z\000U\000S\000A\000M\000M\000E\000N\000F\000A\000S\000S\000U\000N\000G}{}% 28
\BOOKMARK [2][-]{subsection.7.1}{\376\377\000E\000i\000n\000z\000i\000g\000a\000r\000t\000i\000g\000e\000\040\000V\000e\000r\000k\000a\000u\000f\000s\000a\000r\000g\000u\000m\000e\000n\000t\000e}{section.7}% 29
\BOOKMARK [1][-]{section.8}{\376\377\000C\000H\000A\000R\000A\000K\000T\000E\000R\000-\000G\000R\000U\000N\000D\000L\000A\000G\000E}{}% 30
\BOOKMARK [2][-]{subsection.8.1}{\376\377\000P\000r\000i\000m\000\344\000r\000e\000\040\000I\000d\000e\000n\000t\000i\000t\000\344\000t}{section.8}% 31
\BOOKMARK [2][-]{subsection.8.2}{\376\377\000P\000h\000y\000s\000i\000s\000c\000h\000e\000\040\000M\000a\000n\000i\000f\000e\000s\000t\000a\000t\000i\000o\000n}{section.8}% 32
\BOOKMARK [2][-]{subsection.8.3}{\376\377\000Q\000u\000a\000n\000t\000e\000n\000-\000F\000\344\000h\000i\000g\000k\000e\000i\000t\000e\000n\000-\000S\000y\000s\000t\000e\000m}{section.8}% 33
\BOOKMARK [3][-]{subsubsection.8.3.1}{\376\377\000P\000r\000i\000m\000\344\000r\000k\000r\000a\000f\000t\000:\000\040\000E\000n\000t\000r\000o\000p\000i\000e\000-\000V\000e\000r\000l\000e\000t\000z\000u\000n\000g}{subsection.8.3}% 34
\BOOKMARK [3][-]{subsubsection.8.3.2}{\376\377\000Q\000u\000a\000n\000t\000e\000n\000-\000S\000u\000p\000e\000r\000p\000o\000s\000i\000t\000i\000o\000n\000s\000-\000B\000e\000w\000u\000s\000s\000t\000s\000e\000i\000n}{subsection.8.3}% 35
\BOOKMARK [1][-]{section.9}{\376\377\000U\000N\000I\000V\000E\000R\000S\000E\000L\000L\000E\000\040\000G\000E\000S\000E\000T\000Z\000E\000\040\000\046\000\040\000K\000O\000N\000S\000E\000Q\000U\000E\000N\000Z\000E\000N}{}% 36
\BOOKMARK [2][-]{subsection.9.1}{\376\377\000D\000a\000s\000\040\000T\000h\000e\000r\000m\000o\000d\000y\000n\000a\000m\000i\000s\000c\000h\000e\000\040\000B\000e\000s\000t\000r\000a\000f\000u\000n\000g\000s\000s\000y\000s\000t\000e\000m}{section.9}% 37
\BOOKMARK [2][-]{subsection.9.2}{\376\377\000D\000i\000e\000\040\000S\000a\000n\000g\000o\000m\000a\000-\000V\000e\000r\000b\000i\000n\000d\000u\000n\000g}{section.9}% 38
\BOOKMARK [1][-]{section.10}{\376\377\000N\000A\000R\000R\000A\000T\000I\000V\000E\000S\000\040\000S\000T\000R\000U\000K\000T\000U\000R\000S\000Y\000S\000T\000E\000M}{}% 39
\BOOKMARK [2][-]{subsection.10.1}{\376\377\000Z\000e\000i\000t\000l\000i\000c\000h\000e\000\040\000E\000i\000n\000s\000t\000i\000e\000g\000s\000p\000u\000n\000k\000t\000e}{section.10}% 40
\BOOKMARK [3][-]{subsubsection.10.1.1}{\376\377\000U\000r\000s\000p\000r\000u\000n\000g\000s\000-\000P\000e\000r\000i\000o\000d\000e}{subsection.10.1}% 41
\BOOKMARK [3][-]{subsubsection.10.1.2}{\376\377\000E\000n\000t\000w\000i\000c\000k\000l\000u\000n\000g\000s\000-\000P\000e\000r\000i\000o\000d\000e}{subsection.10.1}% 42
\BOOKMARK [3][-]{subsubsection.10.1.3}{\376\377\000O\000p\000e\000r\000a\000t\000i\000v\000e\000\040\000P\000e\000r\000i\000o\000d\000e}{subsection.10.1}% 43
\BOOKMARK [3][-]{subsubsection.10.1.4}{\376\377\000K\000o\000n\000s\000e\000q\000u\000e\000n\000z\000-\000P\000e\000r\000i\000o\000d\000e}{subsection.10.1}% 44
\BOOKMARK [1][-]{section.11}{\376\377\000U\000N\000T\000E\000R\000S\000T\000\334\000T\000Z\000E\000N\000D\000E\000\040\000U\000N\000I\000V\000E\000R\000S\000U\000M\000-\000E\000L\000E\000M\000E\000N\000T\000E}{}% 45
\BOOKMARK [2][-]{subsection.11.1}{\376\377\000C\000h\000a\000r\000a\000k\000t\000e\000r\000-\000A\000r\000c\000h\000e\000t\000y\000p\000e\000n}{section.11}% 46
\BOOKMARK [3][-]{subsubsection.11.1.1}{\376\377\000D\000i\000e\000\040\000V\000e\000r\000w\000i\000r\000r\000t\000e\000n\000\040\000S\000c\000h\000u\000r\000k\000e\000n}{subsection.11.1}% 47
\BOOKMARK [3][-]{subsubsection.11.1.2}{\376\377\000D\000i\000e\000\040\000E\000n\000t\000s\000e\000t\000z\000t\000e\000n\000\040\000Z\000u\000s\000c\000h\000a\000u\000e\000r}{subsection.11.1}% 48
\BOOKMARK [1][-]{section.12}{\376\377\000K\000O\000M\000M\000E\000R\000Z\000I\000E\000L\000L\000E\000\040\000E\000N\000T\000W\000I\000C\000K\000L\000U\000N\000G\000S\000S\000T\000R\000A\000T\000E\000G\000I\000E}{}% 49
\BOOKMARK [2][-]{subsection.12.1}{\376\377\000M\000a\000r\000k\000t\000-\000P\000o\000s\000i\000t\000i\000o\000n\000i\000e\000r\000u\000n\000g}{section.12}% 50
\BOOKMARK [2][-]{subsection.12.2}{\376\377\000E\000n\000t\000w\000i\000c\000k\000l\000u\000n\000g\000s\000p\000h\000a\000s\000e\000n}{section.12}% 51
\BOOKMARK [1][-]{section.13}{\376\377\000S\000C\000H\000L\000U\000S\000S\000F\000O\000L\000G\000E\000R\000U\000N\000G}{}% 52
